[ 0] python  0
[ 0] python  1
[ 0] python  2
[ 0] python  3
[ 0] python  4
[10] python  0
[10] python  1
[10] python  2
[10] python  3
[10] python  4
[11] python  0
[11] python  1
[11] python  2
[11] python  3
[11] python  4
[ 1] python  0
[ 1] python  1
[ 1] python  2
[ 1] python  3
[ 1] python  4
[ 2] python  0
[ 2] python  1
[ 2] python  2
[ 2] python  3
[ 2] python  4
[ 3] python  0
[ 3] python  1
[ 3] python  2
[ 3] python  3
[ 3] python  4
[ 4] python  0
[ 4] python  1
[ 4] python  2
[ 4] python  3
[ 4] python  4
[ 5] python  0
[ 5] python  1
[ 5] python  2
[ 5] python  3
[ 5] python  4
[ 6] python  0
[ 6] python  1
[ 6] python  2
[ 6] python  3
[ 6] python  4
[ 7] python  0
[ 7] python  1
[ 7] python  2
[ 7] python  3
[ 7] python  4
[ 8] python  0
[ 8] python  1
[ 8] python  2
[ 8] python  3
[ 8] python  4
[ 9] python  0
[ 9] python  1
[ 9] python  2
[ 9] python  3
[ 9] python  4
